This file contains any messages produced by compilers while
running configure, to aid debugging if configure makes a mistake.

It was created by m3ens configure 0.1.0, which was
generated by GNU Autoconf 2.65.  Invocation command line was

  $ ./configure 

## --------- ##
## Platform. ##
## --------- ##

hostname = meka-mob
uname -m = i686
uname -r = 2.6.32.11-rtai-3.8.1
uname -s = Linux
uname -v = #1 SMP Fri Jun 11 13:29:18 PDT 2010

/usr/bin/uname -p = unknown
/bin/uname -X     = unknown

/bin/arch              = unknown
/usr/bin/arch -k       = unknown
/usr/convex/getsysinfo = unknown
/usr/bin/hostinfo      = unknown
/bin/machine           = unknown
/usr/bin/oslevel       = unknown
/bin/universe          = unknown

PATH: /opt/ros/cturtle/ros/bin
PATH: /usr/local/sbin
PATH: /usr/local/bin
PATH: /usr/sbin
PATH: /usr/bin
PATH: /sbin
PATH: /bin
PATH: /usr/games
PATH: /usr/realtime/bin


## ----------- ##
## Core tests. ##
## ----------- ##

configure:2438: checking for a BSD-compatible install
configure:2506: result: /usr/bin/install -c
configure:2517: checking whether build environment is sane
configure:2567: result: yes
configure:2708: checking for a thread-safe mkdir -p
configure:2747: result: /bin/mkdir -p
configure:2760: checking for gawk
configure:2776: found /usr/bin/gawk
configure:2787: result: gawk
configure:2798: checking whether make sets $(MAKE)
configure:2820: result: yes
configure:2959: checking for g++
configure:2975: found /usr/bin/g++
configure:2986: result: g++
configure:3013: checking for C++ compiler version
configure:3022: g++ --version >&5
g++ (Ubuntu 4.4.3-4ubuntu5.1) 4.4.3
Copyright (C) 2009 Free Software Foundation, Inc.
This is free software; see the source for copying conditions.  There is NO
warranty; not even for MERCHANTABILITY or FITNESS FOR A PARTICULAR PURPOSE.

configure:3033: $? = 0
configure:3022: g++ -v >&5
Using built-in specs.
Target: i486-linux-gnu
Configured with: ../src/configure -v --with-pkgversion='Ubuntu 4.4.3-4ubuntu5.1' --with-bugurl=file:///usr/share/doc/gcc-4.4/README.Bugs --enable-languages=c,c++,fortran,objc,obj-c++ --prefix=/usr --enable-shared --enable-multiarch --enable-linker-build-id --with-system-zlib --libexecdir=/usr/lib --without-included-gettext --enable-threads=posix --with-gxx-include-dir=/usr/include/c++/4.4 --program-suffix=-4.4 --enable-nls --enable-clocale=gnu --enable-libstdcxx-debug --enable-plugin --enable-objc-gc --enable-targets=all --disable-werror --with-arch-32=i486 --with-tune=generic --enable-checking=release --build=i486-linux-gnu --host=i486-linux-gnu --target=i486-linux-gnu
Thread model: posix
gcc version 4.4.3 (Ubuntu 4.4.3-4ubuntu5.1) 
configure:3033: $? = 0
configure:3022: g++ -V >&5
g++: '-V' option must have argument
configure:3033: $? = 1
configure:3022: g++ -qversion >&5
g++: unrecognized option '-qversion'
g++: no input files
configure:3033: $? = 1
configure:3053: checking whether the C++ compiler works
configure:3075: g++    conftest.cpp  >&5
configure:3079: $? = 0
configure:3128: result: yes
configure:3131: checking for C++ compiler default output file name
configure:3133: result: a.out
configure:3139: checking for suffix of executables
configure:3146: g++ -o conftest    conftest.cpp  >&5
configure:3150: $? = 0
configure:3172: result: 
configure:3194: checking whether we are cross compiling
configure:3202: g++ -o conftest    conftest.cpp  >&5
configure:3206: $? = 0
configure:3213: ./conftest
configure:3217: $? = 0
configure:3232: result: no
configure:3237: checking for suffix of object files
configure:3259: g++ -c   conftest.cpp >&5
configure:3263: $? = 0
configure:3284: result: o
configure:3288: checking whether we are using the GNU C++ compiler
configure:3307: g++ -c   conftest.cpp >&5
configure:3307: $? = 0
configure:3316: result: yes
configure:3325: checking whether g++ accepts -g
configure:3345: g++ -c -g  conftest.cpp >&5
configure:3345: $? = 0
configure:3386: result: yes
configure:3420: checking for style of include used by make
configure:3448: result: GNU
configure:3473: checking dependency style of g++
configure:3583: result: gcc3
configure:3646: checking for gcc
configure:3662: found /usr/bin/gcc
configure:3673: result: gcc
configure:3902: checking for C compiler version
configure:3911: gcc --version >&5
gcc (Ubuntu 4.4.3-4ubuntu5.1) 4.4.3
Copyright (C) 2009 Free Software Foundation, Inc.
This is free software; see the source for copying conditions.  There is NO
warranty; not even for MERCHANTABILITY or FITNESS FOR A PARTICULAR PURPOSE.

configure:3922: $? = 0
configure:3911: gcc -v >&5
Using built-in specs.
Target: i486-linux-gnu
Configured with: ../src/configure -v --with-pkgversion='Ubuntu 4.4.3-4ubuntu5.1' --with-bugurl=file:///usr/share/doc/gcc-4.4/README.Bugs --enable-languages=c,c++,fortran,objc,obj-c++ --prefix=/usr --enable-shared --enable-multiarch --enable-linker-build-id --with-system-zlib --libexecdir=/usr/lib --without-included-gettext --enable-threads=posix --with-gxx-include-dir=/usr/include/c++/4.4 --program-suffix=-4.4 --enable-nls --enable-clocale=gnu --enable-libstdcxx-debug --enable-plugin --enable-objc-gc --enable-targets=all --disable-werror --with-arch-32=i486 --with-tune=generic --enable-checking=release --build=i486-linux-gnu --host=i486-linux-gnu --target=i486-linux-gnu
Thread model: posix
gcc version 4.4.3 (Ubuntu 4.4.3-4ubuntu5.1) 
configure:3922: $? = 0
configure:3911: gcc -V >&5
gcc: '-V' option must have argument
configure:3922: $? = 1
configure:3911: gcc -qversion >&5
gcc: unrecognized option '-qversion'
gcc: no input files
configure:3922: $? = 1
configure:3926: checking whether we are using the GNU C compiler
configure:3945: gcc -c   conftest.c >&5
configure:3945: $? = 0
configure:3954: result: yes
configure:3963: checking whether gcc accepts -g
configure:3983: gcc -c -g  conftest.c >&5
configure:3983: $? = 0
configure:4024: result: yes
configure:4041: checking for gcc option to accept ISO C89
configure:4105: gcc  -c -g -O2  conftest.c >&5
configure:4105: $? = 0
configure:4118: result: none needed
configure:4140: checking dependency style of gcc
configure:4250: result: gcc3
configure:4325: checking build system type
configure:4339: result: i686-pc-linux-gnu
configure:4359: checking host system type
configure:4372: result: i686-pc-linux-gnu
configure:4392: checking for a sed that does not truncate output
configure:4456: result: /bin/sed
configure:4474: checking for grep that handles long lines and -e
configure:4532: result: /bin/grep
configure:4537: checking for egrep
configure:4599: result: /bin/grep -E
configure:4604: checking for fgrep
configure:4666: result: /bin/grep -F
configure:4701: checking for ld used by gcc
configure:4768: result: /usr/bin/ld
configure:4775: checking if the linker (/usr/bin/ld) is GNU ld
configure:4790: result: yes
configure:4802: checking for BSD- or MS-compatible name lister (nm)
configure:4851: result: /usr/bin/nm -B
configure:4969: checking the name lister (/usr/bin/nm -B) interface
configure:4976: gcc -c -g -O2  conftest.c >&5
configure:4979: /usr/bin/nm -B "conftest.o"
configure:4982: output
00000000 B some_variable
configure:4989: result: BSD nm
configure:4992: checking whether ln -s works
configure:4996: result: yes
configure:5004: checking the maximum length of command line arguments
configure:5124: result: 1572864
configure:5141: checking whether the shell understands some XSI constructs
configure:5151: result: yes
configure:5155: checking whether the shell understands "+="
configure:5161: result: yes
configure:5196: checking for /usr/bin/ld option to reload object files
configure:5203: result: -r
configure:5272: checking for objdump
configure:5288: found /usr/bin/objdump
configure:5299: result: objdump
configure:5331: checking how to recognize dependent libraries
configure:5527: result: pass_all
configure:5587: checking for ar
configure:5603: found /usr/bin/ar
configure:5614: result: ar
configure:5692: checking for strip
configure:5708: found /usr/bin/strip
configure:5719: result: strip
configure:5791: checking for ranlib
configure:5807: found /usr/bin/ranlib
configure:5818: result: ranlib
configure:5908: checking command to parse /usr/bin/nm -B output from gcc object
configure:6026: gcc -c -g -O2  conftest.c >&5
configure:6029: $? = 0
configure:6033: /usr/bin/nm -B conftest.o \| sed -n -e 's/^.*[	 ]\([ABCDGIRSTW][ABCDGIRSTW]*\)[	 ][	 ]*\([_A-Za-z][_A-Za-z0-9]*\)$/\1 \2 \2/p' \> conftest.nm
configure:6036: $? = 0
configure:6090: gcc -o conftest -g -O2   conftest.c conftstm.o >&5
configure:6093: $? = 0
configure:6131: result: ok
configure:6940: checking how to run the C preprocessor
configure:6971: gcc -E  conftest.c
configure:6971: $? = 0
configure:6985: gcc -E  conftest.c
conftest.c:11:28: error: ac_nonexistent.h: No such file or directory
configure:6985: $? = 1
configure: failed program was:
| /* confdefs.h */
| #define PACKAGE_NAME "m3ens"
| #define PACKAGE_TARNAME "m3ens"
| #define PACKAGE_VERSION "0.1.0"
| #define PACKAGE_STRING "m3ens 0.1.0"
| #define PACKAGE_BUGREPORT "info@mekabot.com"
| #define PACKAGE_URL ""
| #define PACKAGE "m3ens"
| #define VERSION "0.1.0"
| /* end confdefs.h.  */
| #include <ac_nonexistent.h>
configure:7010: result: gcc -E
configure:7030: gcc -E  conftest.c
configure:7030: $? = 0
configure:7044: gcc -E  conftest.c
conftest.c:11:28: error: ac_nonexistent.h: No such file or directory
configure:7044: $? = 1
configure: failed program was:
| /* confdefs.h */
| #define PACKAGE_NAME "m3ens"
| #define PACKAGE_TARNAME "m3ens"
| #define PACKAGE_VERSION "0.1.0"
| #define PACKAGE_STRING "m3ens 0.1.0"
| #define PACKAGE_BUGREPORT "info@mekabot.com"
| #define PACKAGE_URL ""
| #define PACKAGE "m3ens"
| #define VERSION "0.1.0"
| /* end confdefs.h.  */
| #include <ac_nonexistent.h>
configure:7073: checking for ANSI C header files
configure:7093: gcc -c -g -O2  conftest.c >&5
configure:7093: $? = 0
configure:7166: gcc -o conftest -g -O2   conftest.c  >&5
configure:7166: $? = 0
configure:7166: ./conftest
configure:7166: $? = 0
configure:7177: result: yes
configure:7190: checking for sys/types.h
configure:7190: gcc -c -g -O2  conftest.c >&5
configure:7190: $? = 0
configure:7190: result: yes
configure:7190: checking for sys/stat.h
configure:7190: gcc -c -g -O2  conftest.c >&5
configure:7190: $? = 0
configure:7190: result: yes
configure:7190: checking for stdlib.h
configure:7190: gcc -c -g -O2  conftest.c >&5
configure:7190: $? = 0
configure:7190: result: yes
configure:7190: checking for string.h
configure:7190: gcc -c -g -O2  conftest.c >&5
configure:7190: $? = 0
configure:7190: result: yes
configure:7190: checking for memory.h
configure:7190: gcc -c -g -O2  conftest.c >&5
configure:7190: $? = 0
configure:7190: result: yes
configure:7190: checking for strings.h
configure:7190: gcc -c -g -O2  conftest.c >&5
configure:7190: $? = 0
configure:7190: result: yes
configure:7190: checking for inttypes.h
configure:7190: gcc -c -g -O2  conftest.c >&5
configure:7190: $? = 0
configure:7190: result: yes
configure:7190: checking for stdint.h
configure:7190: gcc -c -g -O2  conftest.c >&5
configure:7190: $? = 0
configure:7190: result: yes
configure:7190: checking for unistd.h
configure:7190: gcc -c -g -O2  conftest.c >&5
configure:7190: $? = 0
configure:7190: result: yes
configure:7205: checking for dlfcn.h
configure:7205: gcc -c -g -O2  conftest.c >&5
configure:7205: $? = 0
configure:7205: result: yes
configure:7330: checking for C++ compiler version
configure:7339: g++ --version >&5
g++ (Ubuntu 4.4.3-4ubuntu5.1) 4.4.3
Copyright (C) 2009 Free Software Foundation, Inc.
This is free software; see the source for copying conditions.  There is NO
warranty; not even for MERCHANTABILITY or FITNESS FOR A PARTICULAR PURPOSE.

configure:7350: $? = 0
configure:7339: g++ -v >&5
Using built-in specs.
Target: i486-linux-gnu
Configured with: ../src/configure -v --with-pkgversion='Ubuntu 4.4.3-4ubuntu5.1' --with-bugurl=file:///usr/share/doc/gcc-4.4/README.Bugs --enable-languages=c,c++,fortran,objc,obj-c++ --prefix=/usr --enable-shared --enable-multiarch --enable-linker-build-id --with-system-zlib --libexecdir=/usr/lib --without-included-gettext --enable-threads=posix --with-gxx-include-dir=/usr/include/c++/4.4 --program-suffix=-4.4 --enable-nls --enable-clocale=gnu --enable-libstdcxx-debug --enable-plugin --enable-objc-gc --enable-targets=all --disable-werror --with-arch-32=i486 --with-tune=generic --enable-checking=release --build=i486-linux-gnu --host=i486-linux-gnu --target=i486-linux-gnu
Thread model: posix
gcc version 4.4.3 (Ubuntu 4.4.3-4ubuntu5.1) 
configure:7350: $? = 0
configure:7339: g++ -V >&5
g++: '-V' option must have argument
configure:7350: $? = 1
configure:7339: g++ -qversion >&5
g++: unrecognized option '-qversion'
g++: no input files
configure:7350: $? = 1
configure:7354: checking whether we are using the GNU C++ compiler
configure:7382: result: yes
configure:7391: checking whether g++ accepts -g
configure:7452: result: yes
configure:7477: checking dependency style of g++
configure:7587: result: gcc3
configure:7610: checking how to run the C++ preprocessor
configure:7637: g++ -E  conftest.cpp
configure:7637: $? = 0
configure:7651: g++ -E  conftest.cpp
conftest.cpp:22:28: error: ac_nonexistent.h: No such file or directory
configure:7651: $? = 1
configure: failed program was:
| /* confdefs.h */
| #define PACKAGE_NAME "m3ens"
| #define PACKAGE_TARNAME "m3ens"
| #define PACKAGE_VERSION "0.1.0"
| #define PACKAGE_STRING "m3ens 0.1.0"
| #define PACKAGE_BUGREPORT "info@mekabot.com"
| #define PACKAGE_URL ""
| #define PACKAGE "m3ens"
| #define VERSION "0.1.0"
| #define STDC_HEADERS 1
| #define HAVE_SYS_TYPES_H 1
| #define HAVE_SYS_STAT_H 1
| #define HAVE_STDLIB_H 1
| #define HAVE_STRING_H 1
| #define HAVE_MEMORY_H 1
| #define HAVE_STRINGS_H 1
| #define HAVE_INTTYPES_H 1
| #define HAVE_STDINT_H 1
| #define HAVE_UNISTD_H 1
| #define HAVE_DLFCN_H 1
| /* end confdefs.h.  */
| #include <ac_nonexistent.h>
configure:7676: result: g++ -E
configure:7696: g++ -E  conftest.cpp
configure:7696: $? = 0
configure:7710: g++ -E  conftest.cpp
conftest.cpp:22:28: error: ac_nonexistent.h: No such file or directory
configure:7710: $? = 1
configure: failed program was:
| /* confdefs.h */
| #define PACKAGE_NAME "m3ens"
| #define PACKAGE_TARNAME "m3ens"
| #define PACKAGE_VERSION "0.1.0"
| #define PACKAGE_STRING "m3ens 0.1.0"
| #define PACKAGE_BUGREPORT "info@mekabot.com"
| #define PACKAGE_URL ""
| #define PACKAGE "m3ens"
| #define VERSION "0.1.0"
| #define STDC_HEADERS 1
| #define HAVE_SYS_TYPES_H 1
| #define HAVE_SYS_STAT_H 1
| #define HAVE_STDLIB_H 1
| #define HAVE_STRING_H 1
| #define HAVE_MEMORY_H 1
| #define HAVE_STRINGS_H 1
| #define HAVE_INTTYPES_H 1
| #define HAVE_STDINT_H 1
| #define HAVE_UNISTD_H 1
| #define HAVE_DLFCN_H 1
| /* end confdefs.h.  */
| #include <ac_nonexistent.h>
configure:7886: checking for objdir
configure:7901: result: .libs
configure:8197: checking if gcc supports -fno-rtti -fno-exceptions
configure:8215: gcc -c -g -O2  -fno-rtti -fno-exceptions conftest.c >&5
cc1: warning: command line option "-fno-rtti" is valid for C++/ObjC++ but not for C
configure:8219: $? = 0
configure:8232: result: no
configure:8252: checking for gcc option to produce PIC
configure:8524: result: -fPIC -DPIC
configure:8536: checking if gcc PIC flag -fPIC -DPIC works
configure:8554: gcc -c -g -O2  -fPIC -DPIC -DPIC conftest.c >&5
configure:8558: $? = 0
configure:8571: result: yes
configure:8595: checking if gcc static flag -static works
configure:8623: result: yes
configure:8638: checking if gcc supports -c -o file.o
configure:8659: gcc -c -g -O2  -o out/conftest2.o conftest.c >&5
configure:8663: $? = 0
configure:8685: result: yes
configure:8693: checking if gcc supports -c -o file.o
configure:8740: result: yes
configure:8773: checking whether the gcc linker (/usr/bin/ld) supports shared libraries
configure:9764: result: yes
configure:9801: checking whether -lc should be explicitly linked in
configure:9806: gcc -c -g -O2  conftest.c >&5
configure:9809: $? = 0
configure:9824: gcc -shared conftest.o  -v -Wl,-soname -Wl,conftest -o conftest 2\>\&1 \| /bin/grep  -lc  \>/dev/null 2\>\&1
configure:9827: $? = 0
configure:9839: result: no
configure:10003: checking dynamic linker characteristics
configure:10436: gcc -o conftest -g -O2   -Wl,-rpath -Wl,/foo conftest.c  >&5
configure:10436: $? = 0
configure:10666: result: GNU/Linux ld.so
configure:10768: checking how to hardcode library paths into programs
configure:10793: result: immediate
configure:11313: checking whether stripping libraries is possible
configure:11318: result: yes
configure:11353: checking if libtool supports shared libraries
configure:11355: result: yes
configure:11358: checking whether to build shared libraries
configure:11379: result: yes
configure:11382: checking whether to build static libraries
configure:11386: result: no
configure:11536: checking for ld used by g++
configure:11603: result: /usr/bin/ld
configure:11610: checking if the linker (/usr/bin/ld) is GNU ld
configure:11625: result: yes
configure:11680: checking whether the g++ linker (/usr/bin/ld) supports shared libraries
configure:12593: result: yes
configure:12621: g++ -c -g -O2  conftest.cpp >&5
configure:12624: $? = 0
configure:12806: checking for g++ option to produce PIC
configure:13123: result: -fPIC -DPIC
configure:13132: checking if g++ PIC flag -fPIC -DPIC works
configure:13150: g++ -c -g -O2  -fPIC -DPIC -DPIC conftest.cpp >&5
configure:13154: $? = 0
configure:13167: result: yes
configure:13188: checking if g++ static flag -static works
configure:13216: result: yes
configure:13228: checking if g++ supports -c -o file.o
configure:13249: g++ -c -g -O2  -o out/conftest2.o conftest.cpp >&5
configure:13253: $? = 0
configure:13275: result: yes
configure:13280: checking if g++ supports -c -o file.o
configure:13327: result: yes
configure:13357: checking whether the g++ linker (/usr/bin/ld) supports shared libraries
configure:13386: result: yes
configure:13523: checking dynamic linker characteristics
configure:13904: g++ -o conftest -g -O2   -Wl,-rpath -Wl,/foo conftest.cpp  >&5
configure:13904: $? = 0
configure:14134: result: GNU/Linux ld.so
configure:14185: checking how to hardcode library paths into programs
configure:14210: result: immediate
configure:14303: checking for a Python interpreter with version >= 2.3
configure:14320: python -c import sys # split strings by '.' and convert to numeric. Append some zeros # because we need at least 4 digits for the hex conversion. # map returns an iterator in Python 3.0 and a list in 2.x minver = list(map(int, '2.3'.split('.'))) + [0, 0, 0] minverhex = 0 # xrange is not present in Python 3.0 and range returns an iterator for i in list(range(0, 4)): minverhex = (minverhex << 8) + minver[i] sys.exit(sys.hexversion < minverhex)
configure:14323: $? = 0
configure:14329: result: python
configure:14337: checking for python
configure:14355: found /usr/bin/python
configure:14367: result: /usr/bin/python
configure:14385: checking for python version
configure:14392: result: 2.6
configure:14404: checking for python platform
configure:14411: result: linux2
configure:14418: checking for python script directory
configure:14447: result: ${prefix}/lib/python2.6/dist-packages
configure:14456: checking for python extension module directory
configure:14485: result: ${exec_prefix}/lib/python2.6/dist-packages
configure:14501: checking for swig
configure:14519: found /usr/bin/swig
configure:14531: result: /usr/bin/swig
configure:14544: checking for SWIG version
configure:14547: result: 1.3.40
configure:14589: SWIG executable is '/usr/bin/swig'
configure:14592: SWIG library directory is '/usr/share/swig1.3'
configure:14615: checking for Python include path
configure:14625: result: /usr/include/python2.6
configure:14634: checking for Python library path
configure:14644: result: /usr/lib/python2.6/config
configure:14658: checking python extra libraries
configure:14665: result: 
configure:14760: checking for pkg-config
configure:14778: found /usr/bin/pkg-config
configure:14790: result: /usr/bin/pkg-config
configure:14815: checking pkg-config is at least version 0.9.0
configure:14818: result: yes
configure:14829: checking for EIGEN2
configure:14837: $PKG_CONFIG --exists --print-errors "eigen2 >= 2.0.15"
configure:14840: $? = 0
configure:14855: $PKG_CONFIG --exists --print-errors "eigen2 >= 2.0.15"
configure:14858: $? = 0
configure:14913: result: yes
configure:14923: checking for YAMLCPP
configure:14931: $PKG_CONFIG --exists --print-errors "yaml-cpp >= 0.2.5"
configure:14934: $? = 0
configure:14949: $PKG_CONFIG --exists --print-errors "yaml-cpp >= 0.2.5"
configure:14952: $? = 0
configure:15007: result: yes
configure:15017: checking for PROTOBUF
configure:15025: $PKG_CONFIG --exists --print-errors "protobuf >= 2.2.0a"
configure:15028: $? = 0
configure:15043: $PKG_CONFIG --exists --print-errors "protobuf >= 2.2.0a"
configure:15046: $? = 0
configure:15101: result: yes
configure:15238: creating ./config.status

## ---------------------- ##
## Running config.status. ##
## ---------------------- ##

This file was extended by m3ens config.status 0.1.0, which was
generated by GNU Autoconf 2.65.  Invocation command line was

  CONFIG_FILES    = 
  CONFIG_HEADERS  = 
  CONFIG_LINKS    = 
  CONFIG_COMMANDS = 
  $ ./config.status 

on meka-mob

config.status:1155: creating Makefile
config.status:1155: creating m3ens.pc
config.status:1155: creating python/Makefile
config.status:1155: creating src/m3ens/controllers/Makefile
config.status:1155: creating config.h
config.status:1375: executing depfiles commands
config.status:1375: executing libtool commands

## ---------------- ##
## Cache variables. ##
## ---------------- ##

ac_cv_build=i686-pc-linux-gnu
ac_cv_c_compiler_gnu=yes
ac_cv_cxx_compiler_gnu=yes
ac_cv_env_CCC_set=
ac_cv_env_CCC_value=
ac_cv_env_CC_set=
ac_cv_env_CC_value=
ac_cv_env_CFLAGS_set=
ac_cv_env_CFLAGS_value=
ac_cv_env_CPPFLAGS_set=
ac_cv_env_CPPFLAGS_value=
ac_cv_env_CPP_set=
ac_cv_env_CPP_value=
ac_cv_env_CXXCPP_set=
ac_cv_env_CXXCPP_value=
ac_cv_env_CXXFLAGS_set=
ac_cv_env_CXXFLAGS_value=
ac_cv_env_CXX_set=
ac_cv_env_CXX_value=
ac_cv_env_EIGEN2_CFLAGS_set=
ac_cv_env_EIGEN2_CFLAGS_value=
ac_cv_env_EIGEN2_LIBS_set=
ac_cv_env_EIGEN2_LIBS_value=
ac_cv_env_LDFLAGS_set=
ac_cv_env_LDFLAGS_value=
ac_cv_env_LIBS_set=
ac_cv_env_LIBS_value=
ac_cv_env_PKG_CONFIG_set=
ac_cv_env_PKG_CONFIG_value=
ac_cv_env_PROTOBUF_CFLAGS_set=
ac_cv_env_PROTOBUF_CFLAGS_value=
ac_cv_env_PROTOBUF_LIBS_set=
ac_cv_env_PROTOBUF_LIBS_value=
ac_cv_env_YAMLCPP_CFLAGS_set=
ac_cv_env_YAMLCPP_CFLAGS_value=
ac_cv_env_YAMLCPP_LIBS_set=
ac_cv_env_YAMLCPP_LIBS_value=
ac_cv_env_build_alias_set=
ac_cv_env_build_alias_value=
ac_cv_env_host_alias_set=
ac_cv_env_host_alias_value=
ac_cv_env_target_alias_set=
ac_cv_env_target_alias_value=
ac_cv_header_dlfcn_h=yes
ac_cv_header_inttypes_h=yes
ac_cv_header_memory_h=yes
ac_cv_header_stdc=yes
ac_cv_header_stdint_h=yes
ac_cv_header_stdlib_h=yes
ac_cv_header_string_h=yes
ac_cv_header_strings_h=yes
ac_cv_header_sys_stat_h=yes
ac_cv_header_sys_types_h=yes
ac_cv_header_unistd_h=yes
ac_cv_host=i686-pc-linux-gnu
ac_cv_objext=o
ac_cv_path_EGREP='/bin/grep -E'
ac_cv_path_FGREP='/bin/grep -F'
ac_cv_path_GREP=/bin/grep
ac_cv_path_PYTHON=/usr/bin/python
ac_cv_path_SED=/bin/sed
ac_cv_path_SWIG=/usr/bin/swig
ac_cv_path_ac_pt_PKG_CONFIG=/usr/bin/pkg-config
ac_cv_path_install='/usr/bin/install -c'
ac_cv_path_mkdir=/bin/mkdir
ac_cv_prog_AWK=gawk
ac_cv_prog_CPP='gcc -E'
ac_cv_prog_CXXCPP='g++ -E'
ac_cv_prog_ac_ct_AR=ar
ac_cv_prog_ac_ct_CC=gcc
ac_cv_prog_ac_ct_CXX=g++
ac_cv_prog_ac_ct_OBJDUMP=objdump
ac_cv_prog_ac_ct_RANLIB=ranlib
ac_cv_prog_ac_ct_STRIP=strip
ac_cv_prog_cc_c89=
ac_cv_prog_cc_g=yes
ac_cv_prog_cxx_g=yes
ac_cv_prog_make_make_set=yes
am_cv_CC_dependencies_compiler_type=gcc3
am_cv_CXX_dependencies_compiler_type=gcc3
am_cv_pathless_PYTHON=python
am_cv_python_platform=linux2
am_cv_python_pyexecdir='${exec_prefix}/lib/python2.6/dist-packages'
am_cv_python_pythondir='${prefix}/lib/python2.6/dist-packages'
am_cv_python_version=2.6
lt_cv_deplibs_check_method=pass_all
lt_cv_file_magic_cmd='$MAGIC_CMD'
lt_cv_file_magic_test_file=
lt_cv_ld_reload_flag=-r
lt_cv_nm_interface='BSD nm'
lt_cv_objdir=.libs
lt_cv_path_LD=/usr/bin/ld
lt_cv_path_LDCXX=/usr/bin/ld
lt_cv_path_NM='/usr/bin/nm -B'
lt_cv_prog_compiler_c_o=yes
lt_cv_prog_compiler_c_o_CXX=yes
lt_cv_prog_compiler_pic_works=yes
lt_cv_prog_compiler_pic_works_CXX=yes
lt_cv_prog_compiler_rtti_exceptions=no
lt_cv_prog_compiler_static_works=yes
lt_cv_prog_compiler_static_works_CXX=yes
lt_cv_prog_gnu_ld=yes
lt_cv_prog_gnu_ldcxx=yes
lt_cv_sys_global_symbol_pipe='sed -n -e '\''s/^.*[	 ]\([ABCDGIRSTW][ABCDGIRSTW]*\)[	 ][	 ]*\([_A-Za-z][_A-Za-z0-9]*\)$/\1 \2 \2/p'\'''
lt_cv_sys_global_symbol_to_c_name_address='sed -n -e '\''s/^: \([^ ]*\) $/  {\"\1\", (void *) 0},/p'\'' -e '\''s/^[ABCDGIRSTW]* \([^ ]*\) \([^ ]*\)$/  {"\2", (void *) \&\2},/p'\'''
lt_cv_sys_global_symbol_to_c_name_address_lib_prefix='sed -n -e '\''s/^: \([^ ]*\) $/  {\"\1\", (void *) 0},/p'\'' -e '\''s/^[ABCDGIRSTW]* \([^ ]*\) \(lib[^ ]*\)$/  {"\2", (void *) \&\2},/p'\'' -e '\''s/^[ABCDGIRSTW]* \([^ ]*\) \([^ ]*\)$/  {"lib\2", (void *) \&\2},/p'\'''
lt_cv_sys_global_symbol_to_cdecl='sed -n -e '\''s/^T .* \(.*\)$/extern int \1();/p'\'' -e '\''s/^[ABCDGIRSTW]* .* \(.*\)$/extern char \1;/p'\'''
lt_cv_sys_max_cmd_len=1572864
pkg_cv_EIGEN2_CFLAGS='-I/usr/include/eigen2  '
pkg_cv_EIGEN2_LIBS=' '
pkg_cv_PROTOBUF_CFLAGS='-pthread  '
pkg_cv_PROTOBUF_LIBS='-pthread -lprotobuf -lz  '
pkg_cv_YAMLCPP_CFLAGS='-I/usr/include/yaml-cpp  '
pkg_cv_YAMLCPP_LIBS='-lyaml-cpp  '

## ----------------- ##
## Output variables. ##
## ----------------- ##

ACLOCAL='${SHELL} /home/meka/mekabot/m3ens/config/missing --run aclocal-1.11'
AMDEPBACKSLASH='\'
AMDEP_FALSE='#'
AMDEP_TRUE=''
AMTAR='${SHELL} /home/meka/mekabot/m3ens/config/missing --run tar'
AR='ar'
AUTOCONF='${SHELL} /home/meka/mekabot/m3ens/config/missing --run autoconf'
AUTOHEADER='${SHELL} /home/meka/mekabot/m3ens/config/missing --run autoheader'
AUTOMAKE='${SHELL} /home/meka/mekabot/m3ens/config/missing --run automake-1.11'
AWK='gawk'
CC='gcc'
CCDEPMODE='depmode=gcc3'
CFLAGS='-g -O2'
CPP='gcc -E'
CPPFLAGS=''
CXX='g++'
CXXCPP='g++ -E'
CXXDEPMODE='depmode=gcc3'
CXXFLAGS='-g -O2'
CYGPATH_W='echo'
DEFS='-DHAVE_CONFIG_H'
DEPDIR='.deps'
DSYMUTIL=''
DUMPBIN=''
ECHO_C=''
ECHO_N='-n'
ECHO_T=''
EGREP='/bin/grep -E'
EIGEN2_CFLAGS='-I/usr/include/eigen2  '
EIGEN2_LIBS=' '
EXEEXT=''
FGREP='/bin/grep -F'
GREP='/bin/grep'
INSTALL_DATA='${INSTALL} -m 644'
INSTALL_PROGRAM='${INSTALL}'
INSTALL_SCRIPT='${INSTALL}'
INSTALL_STRIP_PROGRAM='$(install_sh) -c -s'
LD='/usr/bin/ld'
LDFLAGS=''
LIBOBJS=''
LIBS=''
LIBTOOL='$(SHELL) $(top_builddir)/libtool'
LIPO=''
LN_S='ln -s'
LTLIBOBJS=''
MAKEINFO='${SHELL} /home/meka/mekabot/m3ens/config/missing --run makeinfo'
MKDIR_P='/bin/mkdir -p'
NM='/usr/bin/nm -B'
NMEDIT=''
OBJDUMP='objdump'
OBJEXT='o'
OTOOL64=''
OTOOL=''
PACKAGE='m3ens'
PACKAGE_BUGREPORT='info@mekabot.com'
PACKAGE_NAME='m3ens'
PACKAGE_STRING='m3ens 0.1.0'
PACKAGE_TARNAME='m3ens'
PACKAGE_URL=''
PACKAGE_VERSION='0.1.0'
PATH_SEPARATOR=':'
PKG_CONFIG='/usr/bin/pkg-config'
PROTOBUF_CFLAGS='-pthread  '
PROTOBUF_LIBS='-pthread -lprotobuf -lz  '
PYTHON='/usr/bin/python'
PYTHON_CPPFLAGS='-I/usr/include/python2.6'
PYTHON_EXEC_PREFIX='${exec_prefix}'
PYTHON_EXTRA_LIBS='-lssl -lcrypto  -lssl -lcrypto      -L/usr/lib -lz -lpthread -ldl  -lutil'
PYTHON_LDFLAGS='-L/usr/lib/python2.6/config -lpython2.6'
PYTHON_PLATFORM='linux2'
PYTHON_PREFIX='${prefix}'
PYTHON_SITE_PKG='/usr/lib/python2.6/site-packages'
PYTHON_VERSION='2.6'
RANLIB='ranlib'
ROS_DIR='/opt/ros/cturtle/'
RTAI_DIR='/usr/realtime-2.6.32.11-rtai-3.8.1'
RTAI_FALSE='#'
RTAI_TRUE=''
SED='/bin/sed'
SET_MAKE=''
SHELL='/bin/sh'
STRIP='strip'
SWIG='/usr/bin/swig -c++'
SWIG_LIB='/usr/share/swig1.3'
SWIG_PYTHON_CPPFLAGS='-I/usr/include/python2.6'
SWIG_PYTHON_OPT='-python'
VERSION='0.1.0'
YAMLCPP_CFLAGS='-I/usr/include/yaml-cpp  '
YAMLCPP_LIBS='-lyaml-cpp  '
ac_ct_CC='gcc'
ac_ct_CXX='g++'
ac_ct_DUMPBIN=''
am__EXEEXT_FALSE=''
am__EXEEXT_TRUE='#'
am__fastdepCC_FALSE='#'
am__fastdepCC_TRUE=''
am__fastdepCXX_FALSE='#'
am__fastdepCXX_TRUE=''
am__include='include'
am__isrc=''
am__leading_dot='.'
am__quote=''
am__tar='${AMTAR} chof - "$$tardir"'
am__untar='${AMTAR} xf -'
bindir='${exec_prefix}/bin'
build='i686-pc-linux-gnu'
build_alias=''
build_cpu='i686'
build_os='linux-gnu'
build_vendor='pc'
datadir='${datarootdir}'
datarootdir='${prefix}/share'
docdir='${datarootdir}/doc/${PACKAGE_TARNAME}'
dvidir='${docdir}'
exec_prefix='${prefix}'
host='i686-pc-linux-gnu'
host_alias=''
host_cpu='i686'
host_os='linux-gnu'
host_vendor='pc'
htmldir='${docdir}'
includedir='${prefix}/include'
infodir='${datarootdir}/info'
install_sh='${SHELL} /home/meka/mekabot/m3ens/config/install-sh'
libdir='${exec_prefix}/lib'
libexecdir='${exec_prefix}/libexec'
localedir='${datarootdir}/locale'
localstatedir='${prefix}/var'
lt_ECHO='echo'
mandir='${datarootdir}/man'
mkdir_p='/bin/mkdir -p'
oldincludedir='/usr/include'
pdfdir='${docdir}'
pkgpyexecdir='${pyexecdir}/m3ens'
pkgpythondir='${pythondir}/m3ens'
prefix='/usr/local'
program_transform_name='s,x,x,'
psdir='${docdir}'
pyexecdir='${exec_prefix}/lib/python2.6/dist-packages'
pythondir='${prefix}/lib/python2.6/dist-packages'
sbindir='${exec_prefix}/sbin'
sharedstatedir='${prefix}/com'
sysconfdir='${prefix}/etc'
target_alias=''

## ----------- ##
## confdefs.h. ##
## ----------- ##

/* confdefs.h */
#define PACKAGE_NAME "m3ens"
#define PACKAGE_TARNAME "m3ens"
#define PACKAGE_VERSION "0.1.0"
#define PACKAGE_STRING "m3ens 0.1.0"
#define PACKAGE_BUGREPORT "info@mekabot.com"
#define PACKAGE_URL ""
#define PACKAGE "m3ens"
#define VERSION "0.1.0"
#define STDC_HEADERS 1
#define HAVE_SYS_TYPES_H 1
#define HAVE_SYS_STAT_H 1
#define HAVE_STDLIB_H 1
#define HAVE_STRING_H 1
#define HAVE_MEMORY_H 1
#define HAVE_STRINGS_H 1
#define HAVE_INTTYPES_H 1
#define HAVE_STDINT_H 1
#define HAVE_UNISTD_H 1
#define HAVE_DLFCN_H 1
#define LT_OBJDIR ".libs/"

configure: exit 0
